<?xml version="1.0" encoding="UTF-8"?>
<!-- Generated by org.testng.reporters.JUnitReportReporter -->
<testsuite name="NewTest" tests="1" time="15.587" ignored="0" failures="0" timestamp="21 Jun 2018 17:58:43 GMT" skipped="0" hostname="HIM" errors="0">
  <testcase name="f" time="15.587" classname="NewTest"/>
</testsuite> <!-- NewTest -->
